[0.248s] DEBUG:colcon:Command line arguments: ['/usr/bin/colcon', 'build', '--packages-select', 'manipulator_config']
[0.248s] DEBUG:colcon:Parsed command line arguments: Namespace(log_base=None, log_level=None, verb_name='build', build_base='build', install_base='install', merge_install=False, symlink_install=False, test_result_base=None, continue_on_error=False, executor='parallel', parallel_workers=12, event_handlers=None, ignore_user_meta=False, metas=['./colcon.meta'], base_paths=['.'], packages_ignore=None, packages_ignore_regex=None, paths=None, packages_up_to=None, packages_up_to_regex=None, packages_above=None, packages_above_and_dependencies=None, packages_above_depth=None, packages_select_by_dep=None, packages_skip_by_dep=None, packages_skip_up_to=None, packages_select_build_failed=False, packages_skip_build_finished=False, packages_select_test_failures=False, packages_skip_test_passed=False, packages_select=['manipulator_config'], packages_skip=None, packages_select_regex=None, packages_skip_regex=None, packages_start=None, packages_end=None, allow_overriding=[], cmake_args=None, cmake_target=None, cmake_target_skip_unavailable=False, cmake_clean_cache=False, cmake_clean_first=False, cmake_force_configure=False, ament_cmake_args=None, catkin_cmake_args=None, catkin_skip_building_tests=False, mixin_files=None, mixin=None, verb_parser=<colcon_mixin.mixin.mixin_argument.MixinArgumentDecorator object at 0x7f46331edfc0>, verb_extension=<colcon_core.verb.build.BuildVerb object at 0x7f46331ed930>, main=<bound method BuildVerb.main of <colcon_core.verb.build.BuildVerb object at 0x7f46331ed930>>, mixin_verb=('build',))
[0.480s] Level 1:colcon.colcon_core.package_discovery:discover_packages(colcon_meta) check parameters
[0.480s] Level 1:colcon.colcon_core.package_discovery:discover_packages(recursive) check parameters
[0.480s] Level 1:colcon.colcon_core.package_discovery:discover_packages(ignore) check parameters
[0.480s] Level 1:colcon.colcon_core.package_discovery:discover_packages(path) check parameters
[0.480s] Level 1:colcon.colcon_core.package_discovery:discover_packages(colcon_meta) discover
[0.481s] Level 1:colcon.colcon_core.package_discovery:discover_packages(recursive) discover
[0.481s] INFO:colcon.colcon_core.package_discovery:Crawling recursively for packages in '/home/hyeokjo/simul/src/moveit2_tutorials'
[0.481s] Level 1:colcon.colcon_core.package_identification:_identify(.) by extensions ['ignore', 'ignore_ament_install']
[0.481s] Level 1:colcon.colcon_core.package_identification:_identify(.) by extension 'ignore'
[0.481s] Level 1:colcon.colcon_core.package_identification:_identify(.) by extension 'ignore_ament_install'
[0.481s] Level 1:colcon.colcon_core.package_identification:_identify(.) by extensions ['colcon_pkg']
[0.481s] Level 1:colcon.colcon_core.package_identification:_identify(.) by extension 'colcon_pkg'
[0.481s] Level 1:colcon.colcon_core.package_identification:_identify(.) by extensions ['colcon_meta']
[0.481s] Level 1:colcon.colcon_core.package_identification:_identify(.) by extension 'colcon_meta'
[0.481s] Level 1:colcon.colcon_core.package_identification:_identify(.) by extensions ['ros']
[0.481s] Level 1:colcon.colcon_core.package_identification:_identify(.) by extension 'ros'
[0.512s] DEBUG:colcon.colcon_core.package_identification:Package '.' with type 'ros.ament_cmake' and name 'moveit2_tutorials'
[0.512s] Level 1:colcon.colcon_core.package_discovery:discover_packages(recursive) using defaults
[0.512s] Level 1:colcon.colcon_core.package_discovery:discover_packages(ignore) discover
[0.512s] Level 1:colcon.colcon_core.package_discovery:discover_packages(ignore) using defaults
[0.512s] Level 1:colcon.colcon_core.package_discovery:discover_packages(path) discover
[0.512s] Level 1:colcon.colcon_core.package_discovery:discover_packages(path) using defaults
[0.512s] WARNING:colcon.colcon_core.package_selection:ignoring unknown package 'manipulator_config' in --packages-select
[0.538s] INFO:colcon.colcon_core.package_selection:Skipping not selected package 'moveit2_tutorials' in '.'
[0.538s] Level 1:colcon.colcon_core.package_discovery:discover_packages(prefix_path) check parameters
[0.538s] Level 1:colcon.colcon_core.package_discovery:discover_packages(prefix_path) discover
[0.550s] DEBUG:colcon.colcon_installed_package_information.package_discovery:Found 60 installed packages in /home/hyeokjo/simul/install
[0.552s] DEBUG:colcon.colcon_installed_package_information.package_discovery:Found 320 installed packages in /opt/ros/humble
[0.553s] Level 1:colcon.colcon_core.package_discovery:discover_packages(prefix_path) using defaults
[0.645s] INFO:colcon.colcon_core.executor:Executing jobs using 'parallel' executor
[0.647s] DEBUG:colcon.colcon_parallel_executor.executor.parallel:run_until_complete
[0.647s] DEBUG:colcon.colcon_parallel_executor.executor.parallel:closing loop
[0.647s] DEBUG:colcon.colcon_parallel_executor.executor.parallel:loop closed
[0.647s] DEBUG:colcon.colcon_parallel_executor.executor.parallel:run_until_complete finished with '0'
[0.647s] DEBUG:colcon.colcon_core.event_reactor:joining thread
[0.713s] INFO:colcon.colcon_core.plugin_system:Skipping extension 'colcon_notification.desktop_notification.notify_send': Could not find 'notify-send'
[0.713s] INFO:colcon.colcon_core.plugin_system:Skipping extension 'colcon_notification.desktop_notification.terminal_notifier': Not used on non-Darwin systems
[0.713s] INFO:colcon.colcon_core.plugin_system:Skipping extension 'colcon_notification.desktop_notification.win32': Not used on non-Windows systems
[0.713s] INFO:colcon.colcon_notification.desktop_notification:Sending desktop notification using 'notify2'
[0.713s] DEBUG:colcon.colcon_notification.desktop_notification.notify2:Failed to initialize notify2: org.freedesktop.DBus.Error.FileNotFound: Failed to connect to socket /run/user/1000/bus: No such file or directory
[0.713s] DEBUG:colcon.colcon_core.event_reactor:joined thread
[0.716s] INFO:colcon.colcon_core.plugin_system:Skipping extension 'colcon_core.shell.bat': Not used on non-Windows systems
[0.716s] INFO:colcon.colcon_core.shell:Creating prefix script '/home/hyeokjo/simul/src/moveit2_tutorials/install/local_setup.ps1'
[0.717s] INFO:colcon.colcon_core.shell:Creating prefix util module '/home/hyeokjo/simul/src/moveit2_tutorials/install/_local_setup_util_ps1.py'
[0.719s] INFO:colcon.colcon_core.shell:Creating prefix chain script '/home/hyeokjo/simul/src/moveit2_tutorials/install/setup.ps1'
[0.722s] INFO:colcon.colcon_core.shell:Creating prefix script '/home/hyeokjo/simul/src/moveit2_tutorials/install/local_setup.sh'
[0.723s] INFO:colcon.colcon_core.shell:Creating prefix util module '/home/hyeokjo/simul/src/moveit2_tutorials/install/_local_setup_util_sh.py'
[0.723s] INFO:colcon.colcon_core.shell:Creating prefix chain script '/home/hyeokjo/simul/src/moveit2_tutorials/install/setup.sh'
[0.726s] INFO:colcon.colcon_core.shell:Creating prefix script '/home/hyeokjo/simul/src/moveit2_tutorials/install/local_setup.bash'
[0.727s] INFO:colcon.colcon_core.shell:Creating prefix chain script '/home/hyeokjo/simul/src/moveit2_tutorials/install/setup.bash'
[0.733s] INFO:colcon.colcon_core.shell:Creating prefix script '/home/hyeokjo/simul/src/moveit2_tutorials/install/local_setup.zsh'
[0.734s] INFO:colcon.colcon_core.shell:Creating prefix chain script '/home/hyeokjo/simul/src/moveit2_tutorials/install/setup.zsh'
